<?xml version="1.0" encoding="UTF-8"?>
<!-- Generated by org.testng.reporters.JUnitReportReporter -->
<testsuite hostname="LAPTOP-ALLOTLPS" failures="0" tests="7" name="com.api.auto.testcase.TC_API_Login" time="0.450" errors="0" timestamp="2023-06-15T19:40:13 ICT" skipped="0">
  <testcase classname="com.api.auto.testcase.TC_API_Login" name="TC01_ValidateStatus" time="0.004"/>
  <system-out/>
  <testcase classname="com.api.auto.testcase.TC_API_Login" name="TC02_ValidateMessage" time="0.385"/>
  <system-out/>
  <testcase classname="com.api.auto.testcase.TC_API_Login" name="TC03_ValidateToken" time="0.021"/>
  <system-out/>
  <testcase classname="com.api.auto.testcase.TC_API_Login" name="TC04_ValidateUser" time="0.001"/>
  <system-out/>
  <testcase classname="com.api.auto.testcase.TC_API_Login" name="TC05_ValidateAccount" time="0.012"/>
  <system-out/>
  <testcase classname="com.api.auto.testcase.TC_API_Login" name="TC06_ValidatePassword" time="0.014"/>
  <system-out/>
  <testcase classname="com.api.auto.testcase.TC_API_Login" name="TC07_ValidateType" time="0.013"/>
  <system-out/>
</testsuite> <!-- com.api.auto.testcase.TC_API_Login -->
